<html>
<head>
<title>TestNG:  Default test</title>
<link href="../testng.css" rel="stylesheet" type="text/css" />
<link href="../my-testng.css" rel="stylesheet" type="text/css" />

<style type="text/css">
.log { display: none;} 
.stack-trace { display: none;} 
</style>
<script type="text/javascript">
<!--
function flip(e) {
  current = e.style.display;
  if (current == 'block') {
    e.style.display = 'none';
    return 0;
  }
  else {
    e.style.display = 'block';
    return 1;
  }
}

function toggleBox(szDivId, elem, msg1, msg2)
{
  var res = -1;  if (document.getElementById) {
    res = flip(document.getElementById(szDivId));
  }
  else if (document.all) {
    // this is the way old msie versions work
    res = flip(document.all[szDivId]);
  }
  if(elem) {
    if(res == 0) elem.innerHTML = msg1; else elem.innerHTML = msg2;
  }

}

function toggleAllBoxes() {
  if (document.getElementsByTagName) {
    d = document.getElementsByTagName('div');
    for (i = 0; i < d.length; i++) {
      if (d[i].className == 'log') {
        flip(d[i]);
      }
    }
  }
}

// -->
</script>

</head>
<body>
<h2 align='center'>Default test</h2><table border='1' align="center">
<tr>
<td>Tests passed/Failed/Skipped:</td><td>7/10/0</td>
</tr><tr>
<td>Started on:</td><td>Mon Jul 28 15:17:28 IST 2025</td>
</tr>
<tr><td>Total time:</td><td>53 seconds (53038 ms)</td>
</tr><tr>
<td>Included groups:</td><td></td>
</tr><tr>
<td>Excluded groups:</td><td></td>
</tr>
</table><p/>
<small><i>(Hover the method name to see the test class name)</i></small><p/>
<table width='100%' border='1' class='invocation-failed'>
<tr><td colspan='4' align='center'><b>FAILED TESTS</b></td></tr>
<tr><td><b>Test method</b></td>
<td><b>Attribute(s)</b></td>
<td width="30%"><b>Exception</b></td>
<td width="10%"><b>Time (seconds)</b></td>
<td><b>Instance</b></td>
</tr>
<tr>
<td title='com.cab.cucumber.runners.Runner_Testng.runScenario()'><b>runScenario</b><br>Test class: com.cab.cucumber.runners.Runner_Testng<br>Test method: Runs Cucumber Scenarios<br>Parameters: "Verify with Invalid Data(full name, phone, email, trip type, car type, date, number of passenger, trip time)", "Booking Functionalilites"</td>
<td><div><pre>java.lang.AssertionError: expected [true] but found [false]
	at org.testng.Assert.fail(Assert.java:111)
	at org.testng.Assert.failNotEquals(Assert.java:1578)
	at org.testng.Assert.assertTrue(Assert.java:57)
	at org.testng.Assert.assertTrue(Assert.java:67)
	at com.cab.cucumber.definitions.Booking.verify_the_InValid_data(Booking.java:80)
	at ✽.Verify the InValid data(file:///D:/Sprint/AgileQADelivery-TTP1QESA2520-Group10/src/test/java/com/cab/cucumber/features/Booking.feature:19)
</pre></div><a href='#' onClick='toggleBox("stack-trace414453734", this, "Click to show all stack frames", "Click to hide stack frames")'>Click to show all stack frames</a>
<div class='stack-trace' id='stack-trace414453734'><pre>java.lang.AssertionError: expected [true] but found [false]
	at org.testng.Assert.fail(Assert.java:111)
	at org.testng.Assert.failNotEquals(Assert.java:1578)
	at org.testng.Assert.assertTrue(Assert.java:57)
	at org.testng.Assert.assertTrue(Assert.java:67)
	at com.cab.cucumber.definitions.Booking.verify_the_InValid_data(Booking.java:80)
	at ✽.Verify the InValid data(file:///D:/Sprint/AgileQADelivery-TTP1QESA2520-Group10/src/test/java/com/cab/cucumber/features/Booking.feature:19)
</pre></div></td>
<td>2</td>
<td>com.cab.cucumber.runners.Runner_Testng@b2c9a9c</td></tr>
<tr>
<td title='com.cab.cucumber.runners.Runner_Testng.runScenario()'><b>runScenario</b><br>Test class: com.cab.cucumber.runners.Runner_Testng<br>Test method: Runs Cucumber Scenarios<br>Parameters: "Verify with Invalid Data(full name, phone, email, trip type, car type, date, number of passenger, trip time)", "Booking Functionalilites"</td>
<td><div><pre>java.lang.AssertionError: expected [true] but found [false]
	at org.testng.Assert.fail(Assert.java:111)
	at org.testng.Assert.failNotEquals(Assert.java:1578)
	at org.testng.Assert.assertTrue(Assert.java:57)
	at org.testng.Assert.assertTrue(Assert.java:67)
	at com.cab.cucumber.definitions.Booking.verify_the_InValid_data(Booking.java:80)
	at ✽.Verify the InValid data(file:///D:/Sprint/AgileQADelivery-TTP1QESA2520-Group10/src/test/java/com/cab/cucumber/features/Booking.feature:19)
</pre></div><a href='#' onClick='toggleBox("stack-trace1923626523", this, "Click to show all stack frames", "Click to hide stack frames")'>Click to show all stack frames</a>
<div class='stack-trace' id='stack-trace1923626523'><pre>java.lang.AssertionError: expected [true] but found [false]
	at org.testng.Assert.fail(Assert.java:111)
	at org.testng.Assert.failNotEquals(Assert.java:1578)
	at org.testng.Assert.assertTrue(Assert.java:57)
	at org.testng.Assert.assertTrue(Assert.java:67)
	at com.cab.cucumber.definitions.Booking.verify_the_InValid_data(Booking.java:80)
	at ✽.Verify the InValid data(file:///D:/Sprint/AgileQADelivery-TTP1QESA2520-Group10/src/test/java/com/cab/cucumber/features/Booking.feature:19)
</pre></div></td>
<td>4</td>
<td>com.cab.cucumber.runners.Runner_Testng@b2c9a9c</td></tr>
<tr>
<td title='com.cab.cucumber.runners.Runner_Testng.runScenario()'><b>runScenario</b><br>Test class: com.cab.cucumber.runners.Runner_Testng<br>Test method: Runs Cucumber Scenarios<br>Parameters: "Verify with Invalid Data(full name, phone, email, trip type, car type, date, number of passenger, trip time)", "Booking Functionalilites"</td>
<td><div><pre>java.lang.AssertionError: expected [true] but found [false]
	at org.testng.Assert.fail(Assert.java:111)
	at org.testng.Assert.failNotEquals(Assert.java:1578)
	at org.testng.Assert.assertTrue(Assert.java:57)
	at org.testng.Assert.assertTrue(Assert.java:67)
	at com.cab.cucumber.definitions.Booking.verify_the_InValid_data(Booking.java:80)
	at ✽.Verify the InValid data(file:///D:/Sprint/AgileQADelivery-TTP1QESA2520-Group10/src/test/java/com/cab/cucumber/features/Booking.feature:19)
</pre></div><a href='#' onClick='toggleBox("stack-trace1715823878", this, "Click to show all stack frames", "Click to hide stack frames")'>Click to show all stack frames</a>
<div class='stack-trace' id='stack-trace1715823878'><pre>java.lang.AssertionError: expected [true] but found [false]
	at org.testng.Assert.fail(Assert.java:111)
	at org.testng.Assert.failNotEquals(Assert.java:1578)
	at org.testng.Assert.assertTrue(Assert.java:57)
	at org.testng.Assert.assertTrue(Assert.java:67)
	at com.cab.cucumber.definitions.Booking.verify_the_InValid_data(Booking.java:80)
	at ✽.Verify the InValid data(file:///D:/Sprint/AgileQADelivery-TTP1QESA2520-Group10/src/test/java/com/cab/cucumber/features/Booking.feature:19)
</pre></div></td>
<td>2</td>
<td>com.cab.cucumber.runners.Runner_Testng@b2c9a9c</td></tr>
<tr>
<td title='com.cab.cucumber.runners.Runner_Testng.runScenario()'><b>runScenario</b><br>Test class: com.cab.cucumber.runners.Runner_Testng<br>Test method: Runs Cucumber Scenarios<br>Parameters: "Verify with Invalid Data(full name, phone, email, trip type, car type, date, number of passenger, trip time)", "Booking Functionalilites"</td>
<td><div><pre>java.lang.AssertionError: expected [true] but found [false]
	at org.testng.Assert.fail(Assert.java:111)
	at org.testng.Assert.failNotEquals(Assert.java:1578)
	at org.testng.Assert.assertTrue(Assert.java:57)
	at org.testng.Assert.assertTrue(Assert.java:67)
	at com.cab.cucumber.definitions.Booking.verify_the_InValid_data(Booking.java:80)
	at ✽.Verify the InValid data(file:///D:/Sprint/AgileQADelivery-TTP1QESA2520-Group10/src/test/java/com/cab/cucumber/features/Booking.feature:19)
</pre></div><a href='#' onClick='toggleBox("stack-trace1694355353", this, "Click to show all stack frames", "Click to hide stack frames")'>Click to show all stack frames</a>
<div class='stack-trace' id='stack-trace1694355353'><pre>java.lang.AssertionError: expected [true] but found [false]
	at org.testng.Assert.fail(Assert.java:111)
	at org.testng.Assert.failNotEquals(Assert.java:1578)
	at org.testng.Assert.assertTrue(Assert.java:57)
	at org.testng.Assert.assertTrue(Assert.java:67)
	at com.cab.cucumber.definitions.Booking.verify_the_InValid_data(Booking.java:80)
	at ✽.Verify the InValid data(file:///D:/Sprint/AgileQADelivery-TTP1QESA2520-Group10/src/test/java/com/cab/cucumber/features/Booking.feature:19)
</pre></div></td>
<td>2</td>
<td>com.cab.cucumber.runners.Runner_Testng@b2c9a9c</td></tr>
<tr>
<td title='com.cab.cucumber.runners.Runner_Testng.runScenario()'><b>runScenario</b><br>Test class: com.cab.cucumber.runners.Runner_Testng<br>Test method: Runs Cucumber Scenarios<br>Parameters: "Verify with Invalid Data(full name, phone, email, trip type, car type, date, number of passenger, trip time)", "Booking Functionalilites"</td>
<td><div><pre>java.lang.AssertionError: expected [true] but found [false]
	at org.testng.Assert.fail(Assert.java:111)
	at org.testng.Assert.failNotEquals(Assert.java:1578)
	at org.testng.Assert.assertTrue(Assert.java:57)
	at org.testng.Assert.assertTrue(Assert.java:67)
	at com.cab.cucumber.definitions.Booking.verify_the_InValid_data(Booking.java:80)
	at ✽.Verify the InValid data(file:///D:/Sprint/AgileQADelivery-TTP1QESA2520-Group10/src/test/java/com/cab/cucumber/features/Booking.feature:19)
</pre></div><a href='#' onClick='toggleBox("stack-trace140736469", this, "Click to show all stack frames", "Click to hide stack frames")'>Click to show all stack frames</a>
<div class='stack-trace' id='stack-trace140736469'><pre>java.lang.AssertionError: expected [true] but found [false]
	at org.testng.Assert.fail(Assert.java:111)
	at org.testng.Assert.failNotEquals(Assert.java:1578)
	at org.testng.Assert.assertTrue(Assert.java:57)
	at org.testng.Assert.assertTrue(Assert.java:67)
	at com.cab.cucumber.definitions.Booking.verify_the_InValid_data(Booking.java:80)
	at ✽.Verify the InValid data(file:///D:/Sprint/AgileQADelivery-TTP1QESA2520-Group10/src/test/java/com/cab/cucumber/features/Booking.feature:19)
</pre></div></td>
<td>2</td>
<td>com.cab.cucumber.runners.Runner_Testng@b2c9a9c</td></tr>
<tr>
<td title='com.cab.cucumber.runners.Runner_Testng.runScenario()'><b>runScenario</b><br>Test class: com.cab.cucumber.runners.Runner_Testng<br>Test method: Runs Cucumber Scenarios<br>Parameters: "Verify with Invalid Data(full name, phone, email, trip type, car type, date, number of passenger, trip time)", "Booking Functionalilites"</td>
<td><div><pre>java.lang.AssertionError: expected [true] but found [false]
	at org.testng.Assert.fail(Assert.java:111)
	at org.testng.Assert.failNotEquals(Assert.java:1578)
	at org.testng.Assert.assertTrue(Assert.java:57)
	at org.testng.Assert.assertTrue(Assert.java:67)
	at com.cab.cucumber.definitions.Booking.verify_the_InValid_data(Booking.java:80)
	at ✽.Verify the InValid data(file:///D:/Sprint/AgileQADelivery-TTP1QESA2520-Group10/src/test/java/com/cab/cucumber/features/Booking.feature:19)
</pre></div><a href='#' onClick='toggleBox("stack-trace344500321", this, "Click to show all stack frames", "Click to hide stack frames")'>Click to show all stack frames</a>
<div class='stack-trace' id='stack-trace344500321'><pre>java.lang.AssertionError: expected [true] but found [false]
	at org.testng.Assert.fail(Assert.java:111)
	at org.testng.Assert.failNotEquals(Assert.java:1578)
	at org.testng.Assert.assertTrue(Assert.java:57)
	at org.testng.Assert.assertTrue(Assert.java:67)
	at com.cab.cucumber.definitions.Booking.verify_the_InValid_data(Booking.java:80)
	at ✽.Verify the InValid data(file:///D:/Sprint/AgileQADelivery-TTP1QESA2520-Group10/src/test/java/com/cab/cucumber/features/Booking.feature:19)
</pre></div></td>
<td>3</td>
<td>com.cab.cucumber.runners.Runner_Testng@b2c9a9c</td></tr>
<tr>
<td title='com.cab.cucumber.runners.Runner_Testng.runScenario()'><b>runScenario</b><br>Test class: com.cab.cucumber.runners.Runner_Testng<br>Test method: Runs Cucumber Scenarios<br>Parameters: "Verify with Invalid Data(full name, phone, email, trip type, car type, date, number of passenger, trip time)", "Booking Functionalilites"</td>
<td><div><pre>java.lang.AssertionError: expected [true] but found [false]
	at org.testng.Assert.fail(Assert.java:111)
	at org.testng.Assert.failNotEquals(Assert.java:1578)
	at org.testng.Assert.assertTrue(Assert.java:57)
	at org.testng.Assert.assertTrue(Assert.java:67)
	at com.cab.cucumber.definitions.Booking.verify_the_InValid_data(Booking.java:80)
	at ✽.Verify the InValid data(file:///D:/Sprint/AgileQADelivery-TTP1QESA2520-Group10/src/test/java/com/cab/cucumber/features/Booking.feature:19)
</pre></div><a href='#' onClick='toggleBox("stack-trace1807010830", this, "Click to show all stack frames", "Click to hide stack frames")'>Click to show all stack frames</a>
<div class='stack-trace' id='stack-trace1807010830'><pre>java.lang.AssertionError: expected [true] but found [false]
	at org.testng.Assert.fail(Assert.java:111)
	at org.testng.Assert.failNotEquals(Assert.java:1578)
	at org.testng.Assert.assertTrue(Assert.java:57)
	at org.testng.Assert.assertTrue(Assert.java:67)
	at com.cab.cucumber.definitions.Booking.verify_the_InValid_data(Booking.java:80)
	at ✽.Verify the InValid data(file:///D:/Sprint/AgileQADelivery-TTP1QESA2520-Group10/src/test/java/com/cab/cucumber/features/Booking.feature:19)
</pre></div></td>
<td>2</td>
<td>com.cab.cucumber.runners.Runner_Testng@b2c9a9c</td></tr>
<tr>
<td title='com.cab.cucumber.runners.Runner_Testng.runScenario()'><b>runScenario</b><br>Test class: com.cab.cucumber.runners.Runner_Testng<br>Test method: Runs Cucumber Scenarios<br>Parameters: "Verify with Invalid Data(full name, phone, email, trip type, car type, date, number of passenger, trip time)", "Booking Functionalilites"</td>
<td><div><pre>java.lang.AssertionError: expected [true] but found [false]
	at org.testng.Assert.fail(Assert.java:111)
	at org.testng.Assert.failNotEquals(Assert.java:1578)
	at org.testng.Assert.assertTrue(Assert.java:57)
	at org.testng.Assert.assertTrue(Assert.java:67)
	at com.cab.cucumber.definitions.Booking.verify_the_InValid_data(Booking.java:80)
	at ✽.Verify the InValid data(file:///D:/Sprint/AgileQADelivery-TTP1QESA2520-Group10/src/test/java/com/cab/cucumber/features/Booking.feature:19)
</pre></div><a href='#' onClick='toggleBox("stack-trace1032575105", this, "Click to show all stack frames", "Click to hide stack frames")'>Click to show all stack frames</a>
<div class='stack-trace' id='stack-trace1032575105'><pre>java.lang.AssertionError: expected [true] but found [false]
	at org.testng.Assert.fail(Assert.java:111)
	at org.testng.Assert.failNotEquals(Assert.java:1578)
	at org.testng.Assert.assertTrue(Assert.java:57)
	at org.testng.Assert.assertTrue(Assert.java:67)
	at com.cab.cucumber.definitions.Booking.verify_the_InValid_data(Booking.java:80)
	at ✽.Verify the InValid data(file:///D:/Sprint/AgileQADelivery-TTP1QESA2520-Group10/src/test/java/com/cab/cucumber/features/Booking.feature:19)
</pre></div></td>
<td>2</td>
<td>com.cab.cucumber.runners.Runner_Testng@b2c9a9c</td></tr>
<tr>
<td title='com.cab.cucumber.runners.Runner_Testng.runScenario()'><b>runScenario</b><br>Test class: com.cab.cucumber.runners.Runner_Testng<br>Test method: Runs Cucumber Scenarios<br>Parameters: "Verify with Invalid Data(full name, phone, email, trip type, car type, date, number of passenger, trip time)", "Booking Functionalilites"</td>
<td><div><pre>java.lang.AssertionError: expected [true] but found [false]
	at org.testng.Assert.fail(Assert.java:111)
	at org.testng.Assert.failNotEquals(Assert.java:1578)
	at org.testng.Assert.assertTrue(Assert.java:57)
	at org.testng.Assert.assertTrue(Assert.java:67)
	at com.cab.cucumber.definitions.Booking.verify_the_InValid_data(Booking.java:80)
	at ✽.Verify the InValid data(file:///D:/Sprint/AgileQADelivery-TTP1QESA2520-Group10/src/test/java/com/cab/cucumber/features/Booking.feature:19)
</pre></div><a href='#' onClick='toggleBox("stack-trace823101957", this, "Click to show all stack frames", "Click to hide stack frames")'>Click to show all stack frames</a>
<div class='stack-trace' id='stack-trace823101957'><pre>java.lang.AssertionError: expected [true] but found [false]
	at org.testng.Assert.fail(Assert.java:111)
	at org.testng.Assert.failNotEquals(Assert.java:1578)
	at org.testng.Assert.assertTrue(Assert.java:57)
	at org.testng.Assert.assertTrue(Assert.java:67)
	at com.cab.cucumber.definitions.Booking.verify_the_InValid_data(Booking.java:80)
	at ✽.Verify the InValid data(file:///D:/Sprint/AgileQADelivery-TTP1QESA2520-Group10/src/test/java/com/cab/cucumber/features/Booking.feature:19)
</pre></div></td>
<td>2</td>
<td>com.cab.cucumber.runners.Runner_Testng@b2c9a9c</td></tr>
<tr>
<td title='com.cab.cucumber.runners.Runner_Testng.runScenario()'><b>runScenario</b><br>Test class: com.cab.cucumber.runners.Runner_Testng<br>Test method: Runs Cucumber Scenarios<br>Parameters: "Verify with Invalid Data(full name, phone, email, trip type, car type, date, number of passenger, trip time)", "Booking Functionalilites"</td>
<td><div><pre>java.lang.AssertionError: expected [true] but found [false]
	at org.testng.Assert.fail(Assert.java:111)
	at org.testng.Assert.failNotEquals(Assert.java:1578)
	at org.testng.Assert.assertTrue(Assert.java:57)
	at org.testng.Assert.assertTrue(Assert.java:67)
	at com.cab.cucumber.definitions.Booking.verify_the_InValid_data(Booking.java:80)
	at ✽.Verify the InValid data(file:///D:/Sprint/AgileQADelivery-TTP1QESA2520-Group10/src/test/java/com/cab/cucumber/features/Booking.feature:19)
</pre></div><a href='#' onClick='toggleBox("stack-trace1017793925", this, "Click to show all stack frames", "Click to hide stack frames")'>Click to show all stack frames</a>
<div class='stack-trace' id='stack-trace1017793925'><pre>java.lang.AssertionError: expected [true] but found [false]
	at org.testng.Assert.fail(Assert.java:111)
	at org.testng.Assert.failNotEquals(Assert.java:1578)
	at org.testng.Assert.assertTrue(Assert.java:57)
	at org.testng.Assert.assertTrue(Assert.java:67)
	at com.cab.cucumber.definitions.Booking.verify_the_InValid_data(Booking.java:80)
	at ✽.Verify the InValid data(file:///D:/Sprint/AgileQADelivery-TTP1QESA2520-Group10/src/test/java/com/cab/cucumber/features/Booking.feature:19)
</pre></div></td>
<td>2</td>
<td>com.cab.cucumber.runners.Runner_Testng@b2c9a9c</td></tr>
</table><p>
<table width='100%' border='1' class='invocation-passed'>
<tr><td colspan='4' align='center'><b>PASSED TESTS</b></td></tr>
<tr><td><b>Test method</b></td>
<td><b>Attribute(s)</b></td>
<td width="30%"><b>Exception</b></td>
<td width="10%"><b>Time (seconds)</b></td>
<td><b>Instance</b></td>
</tr>
<tr>
<td title='com.cab.cucumber.runners.Runner_Testng.runScenario()'><b>runScenario</b><br>Test class: com.cab.cucumber.runners.Runner_Testng<br>Test method: Runs Cucumber Scenarios<br>Parameters: "Verify Mini Car Service link", "Cab Services"</td>
<td></td>
<td>1</td>
<td>com.cab.cucumber.runners.Runner_Testng@b2c9a9c</td></tr>
<tr>
<td title='com.cab.cucumber.runners.Runner_Testng.runScenario()'><b>runScenario</b><br>Test class: com.cab.cucumber.runners.Runner_Testng<br>Test method: Runs Cucumber Scenarios<br>Parameters: "Verify Mini Car Service link", "Cab Services"</td>
<td></td>
<td>4</td>
<td>com.cab.cucumber.runners.Runner_Testng@b2c9a9c</td></tr>
<tr>
<td title='com.cab.cucumber.runners.Runner_Testng.runScenario()'><b>runScenario</b><br>Test class: com.cab.cucumber.runners.Runner_Testng<br>Test method: Runs Cucumber Scenarios<br>Parameters: "Verify with valid Data(full name, phone, email, trip type, car type, date, number of passenger, trip time)", "Booking Functionalilites"</td>
<td></td>
<td>7</td>
<td>com.cab.cucumber.runners.Runner_Testng@b2c9a9c</td></tr>
<tr>
<td title='com.cab.cucumber.runners.Runner_Testng.runScenario()'><b>runScenario</b><br>Test class: com.cab.cucumber.runners.Runner_Testng<br>Test method: Runs Cucumber Scenarios<br>Parameters: "Verify with valid Data(full name, phone, email, trip type, car type, date, number of passenger, trip time)", "Booking Functionalilites"</td>
<td></td>
<td>2</td>
<td>com.cab.cucumber.runners.Runner_Testng@b2c9a9c</td></tr>
<tr>
<td title='com.cab.cucumber.runners.Runner_Testng.runScenario()'><b>runScenario</b><br>Test class: com.cab.cucumber.runners.Runner_Testng<br>Test method: Runs Cucumber Scenarios<br>Parameters: "Verify Mini Car Service link", "Cab Services"</td>
<td></td>
<td>2</td>
<td>com.cab.cucumber.runners.Runner_Testng@b2c9a9c</td></tr>
<tr>
<td title='com.cab.cucumber.runners.Runner_Testng.runScenario()'><b>runScenario</b><br>Test class: com.cab.cucumber.runners.Runner_Testng<br>Test method: Runs Cucumber Scenarios<br>Parameters: "Verify Mini Car Service link", "Cab Services"</td>
<td></td>
<td>3</td>
<td>com.cab.cucumber.runners.Runner_Testng@b2c9a9c</td></tr>
<tr>
<td title='com.cab.cucumber.runners.Runner_Testng.runScenario()'><b>runScenario</b><br>Test class: com.cab.cucumber.runners.Runner_Testng<br>Test method: Runs Cucumber Scenarios<br>Parameters: "", "Booking Functionalilites"</td>
<td></td>
<td>1</td>
<td>com.cab.cucumber.runners.Runner_Testng@b2c9a9c</td></tr>
</table><p>
</body>
</html>