<?xml version="1.0" encoding="UTF-8"?>
<testng-results ignored="0" total="17" passed="7" failed="10" skipped="0">
  <reporter-output>
  </reporter-output>
  <suite started-at="2025-07-28T15:17:28 IST" name="Default suite" finished-at="2025-07-28T15:18:21 IST" duration-ms="53038">
    <groups>
      <group name="cucumber">
        <method signature="AbstractTestNGCucumberTests.runScenario(io.cucumber.testng.PickleWrapper,io.cucumber.testng.FeatureWrapper)[pri:0, instance:com.cab.cucumber.runners.Runner_Testng@b2c9a9c]" name="runScenario" class="io.cucumber.testng.AbstractTestNGCucumberTests"/>
      </group> <!-- cucumber -->
    </groups>
    <test started-at="2025-07-28T15:17:28 IST" name="Default test" finished-at="2025-07-28T15:18:21 IST" duration-ms="53038">
      <class name="com.cab.cucumber.runners.Runner_Testng">
        <test-method is-config="true" signature="setUpClass(org.testng.ITestContext)[pri:0, instance:com.cab.cucumber.runners.Runner_Testng@b2c9a9c]" started-at="2025-07-28T15:17:28 IST" name="setUpClass" finished-at="2025-07-28T15:17:29 IST" duration-ms="691" status="PASS">
          <params>
            <param index="0">
              <value>
                <![CDATA[org.testng.TestRunner@64acf8d2]]>
              </value>
            </param>
          </params>
          <reporter-output>
          </reporter-output>
        </test-method> <!-- setUpClass -->
        <test-method signature="runScenario(io.cucumber.testng.PickleWrapper,io.cucumber.testng.FeatureWrapper)[pri:0, instance:com.cab.cucumber.runners.Runner_Testng@b2c9a9c]" started-at="2025-07-28T15:17:29 IST" name="runScenario" description="Runs Cucumber Scenarios" data-provider="scenarios" finished-at="2025-07-28T15:17:36 IST" duration-ms="7429" status="PASS">
          <params>
            <param index="0">
              <value>
                <![CDATA["Verify with valid Data(full name, phone, email, trip type, car type, date, number of passenger, trip time)"]]>
              </value>
            </param>
            <param index="1">
              <value>
                <![CDATA["Booking Functionalilites"]]>
              </value>
            </param>
          </params>
          <reporter-output>
          </reporter-output>
        </test-method> <!-- runScenario -->
        <test-method signature="runScenario(io.cucumber.testng.PickleWrapper,io.cucumber.testng.FeatureWrapper)[pri:0, instance:com.cab.cucumber.runners.Runner_Testng@b2c9a9c]" started-at="2025-07-28T15:17:36 IST" name="runScenario" description="Runs Cucumber Scenarios" data-provider="scenarios" finished-at="2025-07-28T15:17:39 IST" duration-ms="2841" status="PASS">
          <params>
            <param index="0">
              <value>
                <![CDATA["Verify with valid Data(full name, phone, email, trip type, car type, date, number of passenger, trip time)"]]>
              </value>
            </param>
            <param index="1">
              <value>
                <![CDATA["Booking Functionalilites"]]>
              </value>
            </param>
          </params>
          <reporter-output>
          </reporter-output>
        </test-method> <!-- runScenario -->
        <test-method signature="runScenario(io.cucumber.testng.PickleWrapper,io.cucumber.testng.FeatureWrapper)[pri:0, instance:com.cab.cucumber.runners.Runner_Testng@b2c9a9c]" started-at="2025-07-28T15:17:39 IST" name="runScenario" description="Runs Cucumber Scenarios" data-provider="scenarios" finished-at="2025-07-28T15:17:44 IST" duration-ms="4857" status="FAIL">
          <params>
            <param index="0">
              <value>
                <![CDATA["Verify with Invalid Data(full name, phone, email, trip type, car type, date, number of passenger, trip time)"]]>
              </value>
            </param>
            <param index="1">
              <value>
                <![CDATA["Booking Functionalilites"]]>
              </value>
            </param>
          </params>
          <exception class="java.lang.AssertionError">
            <message>
              <![CDATA[expected [true] but found [false]]]>
            </message>
            <full-stacktrace>
              <![CDATA[java.lang.AssertionError: expected [true] but found [false]
at org.testng.Assert.fail(Assert.java:111)
at org.testng.Assert.failNotEquals(Assert.java:1578)
at org.testng.Assert.assertTrue(Assert.java:57)
at org.testng.Assert.assertTrue(Assert.java:67)
at com.cab.cucumber.definitions.Booking.verify_the_InValid_data(Booking.java:80)
at ✽.Verify the InValid data(file:///D:/Sprint/AgileQADelivery-TTP1QESA2520-Group10/src/test/java/com/cab/cucumber/features/Booking.feature:19)
]]>
            </full-stacktrace>
          </exception> <!-- java.lang.AssertionError -->
          <reporter-output>
          </reporter-output>
        </test-method> <!-- runScenario -->
        <test-method signature="runScenario(io.cucumber.testng.PickleWrapper,io.cucumber.testng.FeatureWrapper)[pri:0, instance:com.cab.cucumber.runners.Runner_Testng@b2c9a9c]" started-at="2025-07-28T15:17:44 IST" name="runScenario" description="Runs Cucumber Scenarios" data-provider="scenarios" finished-at="2025-07-28T15:17:46 IST" duration-ms="2597" status="FAIL">
          <params>
            <param index="0">
              <value>
                <![CDATA["Verify with Invalid Data(full name, phone, email, trip type, car type, date, number of passenger, trip time)"]]>
              </value>
            </param>
            <param index="1">
              <value>
                <![CDATA["Booking Functionalilites"]]>
              </value>
            </param>
          </params>
          <exception class="java.lang.AssertionError">
            <message>
              <![CDATA[expected [true] but found [false]]]>
            </message>
            <full-stacktrace>
              <![CDATA[java.lang.AssertionError: expected [true] but found [false]
at org.testng.Assert.fail(Assert.java:111)
at org.testng.Assert.failNotEquals(Assert.java:1578)
at org.testng.Assert.assertTrue(Assert.java:57)
at org.testng.Assert.assertTrue(Assert.java:67)
at com.cab.cucumber.definitions.Booking.verify_the_InValid_data(Booking.java:80)
at ✽.Verify the InValid data(file:///D:/Sprint/AgileQADelivery-TTP1QESA2520-Group10/src/test/java/com/cab/cucumber/features/Booking.feature:19)
]]>
            </full-stacktrace>
          </exception> <!-- java.lang.AssertionError -->
          <reporter-output>
          </reporter-output>
        </test-method> <!-- runScenario -->
        <test-method signature="runScenario(io.cucumber.testng.PickleWrapper,io.cucumber.testng.FeatureWrapper)[pri:0, instance:com.cab.cucumber.runners.Runner_Testng@b2c9a9c]" started-at="2025-07-28T15:17:46 IST" name="runScenario" description="Runs Cucumber Scenarios" data-provider="scenarios" finished-at="2025-07-28T15:17:49 IST" duration-ms="2549" status="FAIL">
          <params>
            <param index="0">
              <value>
                <![CDATA["Verify with Invalid Data(full name, phone, email, trip type, car type, date, number of passenger, trip time)"]]>
              </value>
            </param>
            <param index="1">
              <value>
                <![CDATA["Booking Functionalilites"]]>
              </value>
            </param>
          </params>
          <exception class="java.lang.AssertionError">
            <message>
              <![CDATA[expected [true] but found [false]]]>
            </message>
            <full-stacktrace>
              <![CDATA[java.lang.AssertionError: expected [true] but found [false]
at org.testng.Assert.fail(Assert.java:111)
at org.testng.Assert.failNotEquals(Assert.java:1578)
at org.testng.Assert.assertTrue(Assert.java:57)
at org.testng.Assert.assertTrue(Assert.java:67)
at com.cab.cucumber.definitions.Booking.verify_the_InValid_data(Booking.java:80)
at ✽.Verify the InValid data(file:///D:/Sprint/AgileQADelivery-TTP1QESA2520-Group10/src/test/java/com/cab/cucumber/features/Booking.feature:19)
]]>
            </full-stacktrace>
          </exception> <!-- java.lang.AssertionError -->
          <reporter-output>
          </reporter-output>
        </test-method> <!-- runScenario -->
        <test-method signature="runScenario(io.cucumber.testng.PickleWrapper,io.cucumber.testng.FeatureWrapper)[pri:0, instance:com.cab.cucumber.runners.Runner_Testng@b2c9a9c]" started-at="2025-07-28T15:17:49 IST" name="runScenario" description="Runs Cucumber Scenarios" data-provider="scenarios" finished-at="2025-07-28T15:17:51 IST" duration-ms="2439" status="FAIL">
          <params>
            <param index="0">
              <value>
                <![CDATA["Verify with Invalid Data(full name, phone, email, trip type, car type, date, number of passenger, trip time)"]]>
              </value>
            </param>
            <param index="1">
              <value>
                <![CDATA["Booking Functionalilites"]]>
              </value>
            </param>
          </params>
          <exception class="java.lang.AssertionError">
            <message>
              <![CDATA[expected [true] but found [false]]]>
            </message>
            <full-stacktrace>
              <![CDATA[java.lang.AssertionError: expected [true] but found [false]
at org.testng.Assert.fail(Assert.java:111)
at org.testng.Assert.failNotEquals(Assert.java:1578)
at org.testng.Assert.assertTrue(Assert.java:57)
at org.testng.Assert.assertTrue(Assert.java:67)
at com.cab.cucumber.definitions.Booking.verify_the_InValid_data(Booking.java:80)
at ✽.Verify the InValid data(file:///D:/Sprint/AgileQADelivery-TTP1QESA2520-Group10/src/test/java/com/cab/cucumber/features/Booking.feature:19)
]]>
            </full-stacktrace>
          </exception> <!-- java.lang.AssertionError -->
          <reporter-output>
          </reporter-output>
        </test-method> <!-- runScenario -->
        <test-method signature="runScenario(io.cucumber.testng.PickleWrapper,io.cucumber.testng.FeatureWrapper)[pri:0, instance:com.cab.cucumber.runners.Runner_Testng@b2c9a9c]" started-at="2025-07-28T15:17:51 IST" name="runScenario" description="Runs Cucumber Scenarios" data-provider="scenarios" finished-at="2025-07-28T15:17:55 IST" duration-ms="3201" status="FAIL">
          <params>
            <param index="0">
              <value>
                <![CDATA["Verify with Invalid Data(full name, phone, email, trip type, car type, date, number of passenger, trip time)"]]>
              </value>
            </param>
            <param index="1">
              <value>
                <![CDATA["Booking Functionalilites"]]>
              </value>
            </param>
          </params>
          <exception class="java.lang.AssertionError">
            <message>
              <![CDATA[expected [true] but found [false]]]>
            </message>
            <full-stacktrace>
              <![CDATA[java.lang.AssertionError: expected [true] but found [false]
at org.testng.Assert.fail(Assert.java:111)
at org.testng.Assert.failNotEquals(Assert.java:1578)
at org.testng.Assert.assertTrue(Assert.java:57)
at org.testng.Assert.assertTrue(Assert.java:67)
at com.cab.cucumber.definitions.Booking.verify_the_InValid_data(Booking.java:80)
at ✽.Verify the InValid data(file:///D:/Sprint/AgileQADelivery-TTP1QESA2520-Group10/src/test/java/com/cab/cucumber/features/Booking.feature:19)
]]>
            </full-stacktrace>
          </exception> <!-- java.lang.AssertionError -->
          <reporter-output>
          </reporter-output>
        </test-method> <!-- runScenario -->
        <test-method signature="runScenario(io.cucumber.testng.PickleWrapper,io.cucumber.testng.FeatureWrapper)[pri:0, instance:com.cab.cucumber.runners.Runner_Testng@b2c9a9c]" started-at="2025-07-28T15:17:55 IST" name="runScenario" description="Runs Cucumber Scenarios" data-provider="scenarios" finished-at="2025-07-28T15:17:57 IST" duration-ms="2485" status="FAIL">
          <params>
            <param index="0">
              <value>
                <![CDATA["Verify with Invalid Data(full name, phone, email, trip type, car type, date, number of passenger, trip time)"]]>
              </value>
            </param>
            <param index="1">
              <value>
                <![CDATA["Booking Functionalilites"]]>
              </value>
            </param>
          </params>
          <exception class="java.lang.AssertionError">
            <message>
              <![CDATA[expected [true] but found [false]]]>
            </message>
            <full-stacktrace>
              <![CDATA[java.lang.AssertionError: expected [true] but found [false]
at org.testng.Assert.fail(Assert.java:111)
at org.testng.Assert.failNotEquals(Assert.java:1578)
at org.testng.Assert.assertTrue(Assert.java:57)
at org.testng.Assert.assertTrue(Assert.java:67)
at com.cab.cucumber.definitions.Booking.verify_the_InValid_data(Booking.java:80)
at ✽.Verify the InValid data(file:///D:/Sprint/AgileQADelivery-TTP1QESA2520-Group10/src/test/java/com/cab/cucumber/features/Booking.feature:19)
]]>
            </full-stacktrace>
          </exception> <!-- java.lang.AssertionError -->
          <reporter-output>
          </reporter-output>
        </test-method> <!-- runScenario -->
        <test-method signature="runScenario(io.cucumber.testng.PickleWrapper,io.cucumber.testng.FeatureWrapper)[pri:0, instance:com.cab.cucumber.runners.Runner_Testng@b2c9a9c]" started-at="2025-07-28T15:17:57 IST" name="runScenario" description="Runs Cucumber Scenarios" data-provider="scenarios" finished-at="2025-07-28T15:18:00 IST" duration-ms="2788" status="FAIL">
          <params>
            <param index="0">
              <value>
                <![CDATA["Verify with Invalid Data(full name, phone, email, trip type, car type, date, number of passenger, trip time)"]]>
              </value>
            </param>
            <param index="1">
              <value>
                <![CDATA["Booking Functionalilites"]]>
              </value>
            </param>
          </params>
          <exception class="java.lang.AssertionError">
            <message>
              <![CDATA[expected [true] but found [false]]]>
            </message>
            <full-stacktrace>
              <![CDATA[java.lang.AssertionError: expected [true] but found [false]
at org.testng.Assert.fail(Assert.java:111)
at org.testng.Assert.failNotEquals(Assert.java:1578)
at org.testng.Assert.assertTrue(Assert.java:57)
at org.testng.Assert.assertTrue(Assert.java:67)
at com.cab.cucumber.definitions.Booking.verify_the_InValid_data(Booking.java:80)
at ✽.Verify the InValid data(file:///D:/Sprint/AgileQADelivery-TTP1QESA2520-Group10/src/test/java/com/cab/cucumber/features/Booking.feature:19)
]]>
            </full-stacktrace>
          </exception> <!-- java.lang.AssertionError -->
          <reporter-output>
          </reporter-output>
        </test-method> <!-- runScenario -->
        <test-method signature="runScenario(io.cucumber.testng.PickleWrapper,io.cucumber.testng.FeatureWrapper)[pri:0, instance:com.cab.cucumber.runners.Runner_Testng@b2c9a9c]" started-at="2025-07-28T15:18:00 IST" name="runScenario" description="Runs Cucumber Scenarios" data-provider="scenarios" finished-at="2025-07-28T15:18:02 IST" duration-ms="2410" status="FAIL">
          <params>
            <param index="0">
              <value>
                <![CDATA["Verify with Invalid Data(full name, phone, email, trip type, car type, date, number of passenger, trip time)"]]>
              </value>
            </param>
            <param index="1">
              <value>
                <![CDATA["Booking Functionalilites"]]>
              </value>
            </param>
          </params>
          <exception class="java.lang.AssertionError">
            <message>
              <![CDATA[expected [true] but found [false]]]>
            </message>
            <full-stacktrace>
              <![CDATA[java.lang.AssertionError: expected [true] but found [false]
at org.testng.Assert.fail(Assert.java:111)
at org.testng.Assert.failNotEquals(Assert.java:1578)
at org.testng.Assert.assertTrue(Assert.java:57)
at org.testng.Assert.assertTrue(Assert.java:67)
at com.cab.cucumber.definitions.Booking.verify_the_InValid_data(Booking.java:80)
at ✽.Verify the InValid data(file:///D:/Sprint/AgileQADelivery-TTP1QESA2520-Group10/src/test/java/com/cab/cucumber/features/Booking.feature:19)
]]>
            </full-stacktrace>
          </exception> <!-- java.lang.AssertionError -->
          <reporter-output>
          </reporter-output>
        </test-method> <!-- runScenario -->
        <test-method signature="runScenario(io.cucumber.testng.PickleWrapper,io.cucumber.testng.FeatureWrapper)[pri:0, instance:com.cab.cucumber.runners.Runner_Testng@b2c9a9c]" started-at="2025-07-28T15:18:02 IST" name="runScenario" description="Runs Cucumber Scenarios" data-provider="scenarios" finished-at="2025-07-28T15:18:05 IST" duration-ms="2951" status="FAIL">
          <params>
            <param index="0">
              <value>
                <![CDATA["Verify with Invalid Data(full name, phone, email, trip type, car type, date, number of passenger, trip time)"]]>
              </value>
            </param>
            <param index="1">
              <value>
                <![CDATA["Booking Functionalilites"]]>
              </value>
            </param>
          </params>
          <exception class="java.lang.AssertionError">
            <message>
              <![CDATA[expected [true] but found [false]]]>
            </message>
            <full-stacktrace>
              <![CDATA[java.lang.AssertionError: expected [true] but found [false]
at org.testng.Assert.fail(Assert.java:111)
at org.testng.Assert.failNotEquals(Assert.java:1578)
at org.testng.Assert.assertTrue(Assert.java:57)
at org.testng.Assert.assertTrue(Assert.java:67)
at com.cab.cucumber.definitions.Booking.verify_the_InValid_data(Booking.java:80)
at ✽.Verify the InValid data(file:///D:/Sprint/AgileQADelivery-TTP1QESA2520-Group10/src/test/java/com/cab/cucumber/features/Booking.feature:19)
]]>
            </full-stacktrace>
          </exception> <!-- java.lang.AssertionError -->
          <reporter-output>
          </reporter-output>
        </test-method> <!-- runScenario -->
        <test-method signature="runScenario(io.cucumber.testng.PickleWrapper,io.cucumber.testng.FeatureWrapper)[pri:0, instance:com.cab.cucumber.runners.Runner_Testng@b2c9a9c]" started-at="2025-07-28T15:18:05 IST" name="runScenario" description="Runs Cucumber Scenarios" data-provider="scenarios" finished-at="2025-07-28T15:18:08 IST" duration-ms="2347" status="FAIL">
          <params>
            <param index="0">
              <value>
                <![CDATA["Verify with Invalid Data(full name, phone, email, trip type, car type, date, number of passenger, trip time)"]]>
              </value>
            </param>
            <param index="1">
              <value>
                <![CDATA["Booking Functionalilites"]]>
              </value>
            </param>
          </params>
          <exception class="java.lang.AssertionError">
            <message>
              <![CDATA[expected [true] but found [false]]]>
            </message>
            <full-stacktrace>
              <![CDATA[java.lang.AssertionError: expected [true] but found [false]
at org.testng.Assert.fail(Assert.java:111)
at org.testng.Assert.failNotEquals(Assert.java:1578)
at org.testng.Assert.assertTrue(Assert.java:57)
at org.testng.Assert.assertTrue(Assert.java:67)
at com.cab.cucumber.definitions.Booking.verify_the_InValid_data(Booking.java:80)
at ✽.Verify the InValid data(file:///D:/Sprint/AgileQADelivery-TTP1QESA2520-Group10/src/test/java/com/cab/cucumber/features/Booking.feature:19)
]]>
            </full-stacktrace>
          </exception> <!-- java.lang.AssertionError -->
          <reporter-output>
          </reporter-output>
        </test-method> <!-- runScenario -->
        <test-method signature="runScenario(io.cucumber.testng.PickleWrapper,io.cucumber.testng.FeatureWrapper)[pri:0, instance:com.cab.cucumber.runners.Runner_Testng@b2c9a9c]" started-at="2025-07-28T15:18:08 IST" name="runScenario" description="Runs Cucumber Scenarios" data-provider="scenarios" finished-at="2025-07-28T15:18:10 IST" duration-ms="1854" status="PASS">
          <params>
            <param index="0">
              <value>
                <![CDATA[""]]>
              </value>
            </param>
            <param index="1">
              <value>
                <![CDATA["Booking Functionalilites"]]>
              </value>
            </param>
          </params>
          <reporter-output>
          </reporter-output>
        </test-method> <!-- runScenario -->
        <test-method signature="runScenario(io.cucumber.testng.PickleWrapper,io.cucumber.testng.FeatureWrapper)[pri:0, instance:com.cab.cucumber.runners.Runner_Testng@b2c9a9c]" started-at="2025-07-28T15:18:10 IST" name="runScenario" description="Runs Cucumber Scenarios" data-provider="scenarios" finished-at="2025-07-28T15:18:11 IST" duration-ms="1922" status="PASS">
          <params>
            <param index="0">
              <value>
                <![CDATA["Verify Mini Car Service link"]]>
              </value>
            </param>
            <param index="1">
              <value>
                <![CDATA["Cab Services"]]>
              </value>
            </param>
          </params>
          <reporter-output>
          </reporter-output>
        </test-method> <!-- runScenario -->
        <test-method signature="runScenario(io.cucumber.testng.PickleWrapper,io.cucumber.testng.FeatureWrapper)[pri:0, instance:com.cab.cucumber.runners.Runner_Testng@b2c9a9c]" started-at="2025-07-28T15:18:11 IST" name="runScenario" description="Runs Cucumber Scenarios" data-provider="scenarios" finished-at="2025-07-28T15:18:13 IST" duration-ms="2029" status="PASS">
          <params>
            <param index="0">
              <value>
                <![CDATA["Verify Mini Car Service link"]]>
              </value>
            </param>
            <param index="1">
              <value>
                <![CDATA["Cab Services"]]>
              </value>
            </param>
          </params>
          <reporter-output>
          </reporter-output>
        </test-method> <!-- runScenario -->
        <test-method signature="runScenario(io.cucumber.testng.PickleWrapper,io.cucumber.testng.FeatureWrapper)[pri:0, instance:com.cab.cucumber.runners.Runner_Testng@b2c9a9c]" started-at="2025-07-28T15:18:13 IST" name="runScenario" description="Runs Cucumber Scenarios" data-provider="scenarios" finished-at="2025-07-28T15:18:17 IST" duration-ms="3277" status="PASS">
          <params>
            <param index="0">
              <value>
                <![CDATA["Verify Mini Car Service link"]]>
              </value>
            </param>
            <param index="1">
              <value>
                <![CDATA["Cab Services"]]>
              </value>
            </param>
          </params>
          <reporter-output>
          </reporter-output>
        </test-method> <!-- runScenario -->
        <test-method signature="runScenario(io.cucumber.testng.PickleWrapper,io.cucumber.testng.FeatureWrapper)[pri:0, instance:com.cab.cucumber.runners.Runner_Testng@b2c9a9c]" started-at="2025-07-28T15:18:17 IST" name="runScenario" description="Runs Cucumber Scenarios" data-provider="scenarios" finished-at="2025-07-28T15:18:21 IST" duration-ms="4001" status="PASS">
          <params>
            <param index="0">
              <value>
                <![CDATA["Verify Mini Car Service link"]]>
              </value>
            </param>
            <param index="1">
              <value>
                <![CDATA["Cab Services"]]>
              </value>
            </param>
          </params>
          <reporter-output>
          </reporter-output>
        </test-method> <!-- runScenario -->
        <test-method is-config="true" signature="tearDownClass()[pri:0, instance:com.cab.cucumber.runners.Runner_Testng@b2c9a9c]" started-at="2025-07-28T15:18:21 IST" name="tearDownClass" finished-at="2025-07-28T15:18:21 IST" duration-ms="300" status="PASS">
          <reporter-output>
          </reporter-output>
        </test-method> <!-- tearDownClass -->
      </class> <!-- com.cab.cucumber.runners.Runner_Testng -->
    </test> <!-- Default test -->
  </suite> <!-- Default suite -->
</testng-results>
