<?xml version="1.0" encoding="UTF-8"?>
<!-- Generated by org.testng.reporters.JUnitReportReporter -->
<testsuite hostname="Deep" failures="10" tests="17" name="com.cab.cucumber.runners.Runner_Testng" time="51.977" errors="0" timestamp="2025-07-28T15:18:21 IST" skipped="0">
  <testcase classname="com.cab.cucumber.runners.Runner_Testng" name="runScenario" time="1.922"/>
  <testcase classname="com.cab.cucumber.runners.Runner_Testng" name="runScenario" time="2.951">
    <failure message="expected [true] but found [false]" type="java.lang.AssertionError">
      <![CDATA[java.lang.AssertionError: expected [true] but found [false]
at org.testng.Assert.fail(Assert.java:111)
at org.testng.Assert.failNotEquals(Assert.java:1578)
at org.testng.Assert.assertTrue(Assert.java:57)
at org.testng.Assert.assertTrue(Assert.java:67)
at com.cab.cucumber.definitions.Booking.verify_the_InValid_data(Booking.java:80)
at ✽.Verify the InValid data(file:///D:/Sprint/AgileQADelivery-TTP1QESA2520-Group10/src/test/java/com/cab/cucumber/features/Booking.feature:19)
]]>
    </failure>
  </testcase> <!-- runScenario -->
  <testcase classname="com.cab.cucumber.runners.Runner_Testng" name="runScenario" time="2.549">
    <failure message="expected [true] but found [false]" type="java.lang.AssertionError">
      <![CDATA[java.lang.AssertionError: expected [true] but found [false]
at org.testng.Assert.fail(Assert.java:111)
at org.testng.Assert.failNotEquals(Assert.java:1578)
at org.testng.Assert.assertTrue(Assert.java:57)
at org.testng.Assert.assertTrue(Assert.java:67)
at com.cab.cucumber.definitions.Booking.verify_the_InValid_data(Booking.java:80)
at ✽.Verify the InValid data(file:///D:/Sprint/AgileQADelivery-TTP1QESA2520-Group10/src/test/java/com/cab/cucumber/features/Booking.feature:19)
]]>
    </failure>
  </testcase> <!-- runScenario -->
  <testcase classname="com.cab.cucumber.runners.Runner_Testng" name="runScenario" time="7.429"/>
  <testcase classname="com.cab.cucumber.runners.Runner_Testng" name="runScenario" time="2.029"/>
  <testcase classname="com.cab.cucumber.runners.Runner_Testng" name="runScenario" time="3.201">
    <failure message="expected [true] but found [false]" type="java.lang.AssertionError">
      <![CDATA[java.lang.AssertionError: expected [true] but found [false]
at org.testng.Assert.fail(Assert.java:111)
at org.testng.Assert.failNotEquals(Assert.java:1578)
at org.testng.Assert.assertTrue(Assert.java:57)
at org.testng.Assert.assertTrue(Assert.java:67)
at com.cab.cucumber.definitions.Booking.verify_the_InValid_data(Booking.java:80)
at ✽.Verify the InValid data(file:///D:/Sprint/AgileQADelivery-TTP1QESA2520-Group10/src/test/java/com/cab/cucumber/features/Booking.feature:19)
]]>
    </failure>
  </testcase> <!-- runScenario -->
  <testcase classname="com.cab.cucumber.runners.Runner_Testng" name="runScenario" time="3.277"/>
  <testcase classname="com.cab.cucumber.runners.Runner_Testng" name="runScenario" time="2.410">
    <failure message="expected [true] but found [false]" type="java.lang.AssertionError">
      <![CDATA[java.lang.AssertionError: expected [true] but found [false]
at org.testng.Assert.fail(Assert.java:111)
at org.testng.Assert.failNotEquals(Assert.java:1578)
at org.testng.Assert.assertTrue(Assert.java:57)
at org.testng.Assert.assertTrue(Assert.java:67)
at com.cab.cucumber.definitions.Booking.verify_the_InValid_data(Booking.java:80)
at ✽.Verify the InValid data(file:///D:/Sprint/AgileQADelivery-TTP1QESA2520-Group10/src/test/java/com/cab/cucumber/features/Booking.feature:19)
]]>
    </failure>
  </testcase> <!-- runScenario -->
  <testcase classname="com.cab.cucumber.runners.Runner_Testng" name="runScenario" time="2.347">
    <failure message="expected [true] but found [false]" type="java.lang.AssertionError">
      <![CDATA[java.lang.AssertionError: expected [true] but found [false]
at org.testng.Assert.fail(Assert.java:111)
at org.testng.Assert.failNotEquals(Assert.java:1578)
at org.testng.Assert.assertTrue(Assert.java:57)
at org.testng.Assert.assertTrue(Assert.java:67)
at com.cab.cucumber.definitions.Booking.verify_the_InValid_data(Booking.java:80)
at ✽.Verify the InValid data(file:///D:/Sprint/AgileQADelivery-TTP1QESA2520-Group10/src/test/java/com/cab/cucumber/features/Booking.feature:19)
]]>
    </failure>
  </testcase> <!-- runScenario -->
  <testcase classname="com.cab.cucumber.runners.Runner_Testng" name="runScenario" time="2.485">
    <failure message="expected [true] but found [false]" type="java.lang.AssertionError">
      <![CDATA[java.lang.AssertionError: expected [true] but found [false]
at org.testng.Assert.fail(Assert.java:111)
at org.testng.Assert.failNotEquals(Assert.java:1578)
at org.testng.Assert.assertTrue(Assert.java:57)
at org.testng.Assert.assertTrue(Assert.java:67)
at com.cab.cucumber.definitions.Booking.verify_the_InValid_data(Booking.java:80)
at ✽.Verify the InValid data(file:///D:/Sprint/AgileQADelivery-TTP1QESA2520-Group10/src/test/java/com/cab/cucumber/features/Booking.feature:19)
]]>
    </failure>
  </testcase> <!-- runScenario -->
  <testcase classname="com.cab.cucumber.runners.Runner_Testng" name="runScenario" time="2.439">
    <failure message="expected [true] but found [false]" type="java.lang.AssertionError">
      <![CDATA[java.lang.AssertionError: expected [true] but found [false]
at org.testng.Assert.fail(Assert.java:111)
at org.testng.Assert.failNotEquals(Assert.java:1578)
at org.testng.Assert.assertTrue(Assert.java:57)
at org.testng.Assert.assertTrue(Assert.java:67)
at com.cab.cucumber.definitions.Booking.verify_the_InValid_data(Booking.java:80)
at ✽.Verify the InValid data(file:///D:/Sprint/AgileQADelivery-TTP1QESA2520-Group10/src/test/java/com/cab/cucumber/features/Booking.feature:19)
]]>
    </failure>
  </testcase> <!-- runScenario -->
  <testcase classname="com.cab.cucumber.runners.Runner_Testng" name="runScenario" time="4.857">
    <failure message="expected [true] but found [false]" type="java.lang.AssertionError">
      <![CDATA[java.lang.AssertionError: expected [true] but found [false]
at org.testng.Assert.fail(Assert.java:111)
at org.testng.Assert.failNotEquals(Assert.java:1578)
at org.testng.Assert.assertTrue(Assert.java:57)
at org.testng.Assert.assertTrue(Assert.java:67)
at com.cab.cucumber.definitions.Booking.verify_the_InValid_data(Booking.java:80)
at ✽.Verify the InValid data(file:///D:/Sprint/AgileQADelivery-TTP1QESA2520-Group10/src/test/java/com/cab/cucumber/features/Booking.feature:19)
]]>
    </failure>
  </testcase> <!-- runScenario -->
  <testcase classname="com.cab.cucumber.runners.Runner_Testng" name="runScenario" time="4.001"/>
  <testcase classname="com.cab.cucumber.runners.Runner_Testng" name="runScenario" time="2.841"/>
  <testcase classname="com.cab.cucumber.runners.Runner_Testng" name="runScenario" time="2.788">
    <failure message="expected [true] but found [false]" type="java.lang.AssertionError">
      <![CDATA[java.lang.AssertionError: expected [true] but found [false]
at org.testng.Assert.fail(Assert.java:111)
at org.testng.Assert.failNotEquals(Assert.java:1578)
at org.testng.Assert.assertTrue(Assert.java:57)
at org.testng.Assert.assertTrue(Assert.java:67)
at com.cab.cucumber.definitions.Booking.verify_the_InValid_data(Booking.java:80)
at ✽.Verify the InValid data(file:///D:/Sprint/AgileQADelivery-TTP1QESA2520-Group10/src/test/java/com/cab/cucumber/features/Booking.feature:19)
]]>
    </failure>
  </testcase> <!-- runScenario -->
  <testcase classname="com.cab.cucumber.runners.Runner_Testng" name="runScenario" time="2.597">
    <failure message="expected [true] but found [false]" type="java.lang.AssertionError">
      <![CDATA[java.lang.AssertionError: expected [true] but found [false]
at org.testng.Assert.fail(Assert.java:111)
at org.testng.Assert.failNotEquals(Assert.java:1578)
at org.testng.Assert.assertTrue(Assert.java:57)
at org.testng.Assert.assertTrue(Assert.java:67)
at com.cab.cucumber.definitions.Booking.verify_the_InValid_data(Booking.java:80)
at ✽.Verify the InValid data(file:///D:/Sprint/AgileQADelivery-TTP1QESA2520-Group10/src/test/java/com/cab/cucumber/features/Booking.feature:19)
]]>
    </failure>
  </testcase> <!-- runScenario -->
  <testcase classname="com.cab.cucumber.runners.Runner_Testng" name="runScenario" time="1.854"/>
</testsuite> <!-- com.cab.cucumber.runners.Runner_Testng -->
